android/app/build/intermediates/manifest_merge_blame_file/debug/manifest-merger-blame-debug-report.txt
1<?xml version="1.0" encoding="utf-8"?>
2<manifest xmlns:android="http://schemas.android.com/apk/res/android"
3    package="io.pleo.challange"
4    android:versionCode="1"
5    android:versionName="1.0" >
6
7    <uses-sdk
8        android:minSdkVersion="21"
8-->src/main/AndroidManifest.xml
9        android:targetSdkVersion="32" />
9-->src/main/AndroidManifest.xml
10
11    <uses-permission android:name="android.permission.ACCESS_NETWORK_STATE" />
11-->src/main/AndroidManifest.xml:6:5-79
11-->src/main/AndroidManifest.xml:6:22-76
12    <uses-permission android:name="android.permission.INTERNET" />
12-->src/main/AndroidManifest.xml:7:5-67
12-->src/main/AndroidManifest.xml:7:22-64
13    <uses-permission android:name="android.permission.WRITE_EXTERNAL_STORAGE" />
13-->src/main/AndroidManifest.xml:8:5-80
13-->src/main/AndroidManifest.xml:8:22-78
14
15    <application
15-->src/main/AndroidManifest.xml:11:5-31:19
16        android:allowBackup="true"
16-->src/main/AndroidManifest.xml:12:9-35
17        android:appComponentFactory="androidx.core.app.CoreComponentFactory"
17-->[androidx.core:core:1.7.0] AndroidManifest.xml:24:18-86
18        android:debuggable="true"
19        android:icon="@mipmap/ic_launcher"
19-->src/main/AndroidManifest.xml:14:9-43
20        android:label="@string/app_name"
20-->src/main/AndroidManifest.xml:15:9-41
21        android:requestLegacyExternalStorage="true"
21-->src/main/AndroidManifest.xml:13:9-52
22        android:roundIcon="@mipmap/ic_launcher_round"
22-->src/main/AndroidManifest.xml:16:9-54
23        android:supportsRtl="true"
23-->src/main/AndroidManifest.xml:17:9-35
24        android:testOnly="true"
25        android:theme="@style/Theme.MyApplication"
25-->src/main/AndroidManifest.xml:19:9-51
26        android:usesCleartextTraffic="true" >
26-->src/main/AndroidManifest.xml:18:9-44
27        <activity
27-->src/main/AndroidManifest.xml:20:9-30:20
28            android:name="io.pleo.challange.MainActivity"
28-->src/main/AndroidManifest.xml:21:13-41
29            android:exported="true"
29-->src/main/AndroidManifest.xml:22:13-36
30            android:label="@string/app_name"
30-->src/main/AndroidManifest.xml:23:13-45
31            android:theme="@style/Theme.MyApplication.NoActionBar" >
31-->src/main/AndroidManifest.xml:24:13-67
32            <intent-filter>
32-->src/main/AndroidManifest.xml:25:13-29:29
33                <action android:name="android.intent.action.MAIN" />
33-->src/main/AndroidManifest.xml:26:17-69
33-->src/main/AndroidManifest.xml:26:25-66
34
35                <category android:name="android.intent.category.LAUNCHER" />
35-->src/main/AndroidManifest.xml:28:17-77
35-->src/main/AndroidManifest.xml:28:27-74
36            </intent-filter>
37        </activity>
38        <activity
38-->[androidx.compose.ui:ui-tooling:1.0.5] AndroidManifest.xml:25:9-27:39
39            android:name="androidx.compose.ui.tooling.PreviewActivity"
39-->[androidx.compose.ui:ui-tooling:1.0.5] AndroidManifest.xml:26:13-71
40            android:exported="true" />
40-->[androidx.compose.ui:ui-tooling:1.0.5] AndroidManifest.xml:27:13-36
41
42        <provider
42-->[androidx.emoji2:emoji2:1.0.0] AndroidManifest.xml:26:9-34:20
43            android:name="androidx.startup.InitializationProvider"
43-->[androidx.emoji2:emoji2:1.0.0] AndroidManifest.xml:27:13-67
44            android:authorities="io.pleo.challange.androidx-startup"
44-->[androidx.emoji2:emoji2:1.0.0] AndroidManifest.xml:28:13-68
45            android:exported="false" >
45-->[androidx.emoji2:emoji2:1.0.0] AndroidManifest.xml:29:13-37
46            <meta-data
46-->[androidx.emoji2:emoji2:1.0.0] AndroidManifest.xml:31:13-33:52
47                android:name="androidx.emoji2.text.EmojiCompatInitializer"
47-->[androidx.emoji2:emoji2:1.0.0] AndroidManifest.xml:32:17-75
48                android:value="androidx.startup" />
48-->[androidx.emoji2:emoji2:1.0.0] AndroidManifest.xml:33:17-49
49            <meta-data
49-->[androidx.profileinstaller:profileinstaller:1.0.4] AndroidManifest.xml:31:13-33:52
50                android:name="androidx.profileinstaller.ProfileInstallerInitializer"
50-->[androidx.profileinstaller:profileinstaller:1.0.4] AndroidManifest.xml:32:17-85
51                android:value="androidx.startup" />
51-->[androidx.profileinstaller:profileinstaller:1.0.4] AndroidManifest.xml:33:17-49
52            <meta-data
52-->[androidx.lifecycle:lifecycle-process:2.4.0] AndroidManifest.xml:31:13-33:52
53                android:name="androidx.lifecycle.ProcessLifecycleInitializer"
53-->[androidx.lifecycle:lifecycle-process:2.4.0] AndroidManifest.xml:32:17-78
54                android:value="androidx.startup" />
54-->[androidx.lifecycle:lifecycle-process:2.4.0] AndroidManifest.xml:33:17-49
55        </provider>
56
57        <receiver
57-->[androidx.profileinstaller:profileinstaller:1.0.4] AndroidManifest.xml:36:9-45:20
58            android:name="androidx.profileinstaller.ProfileInstallReceiver"
58-->[androidx.profileinstaller:profileinstaller:1.0.4] AndroidManifest.xml:37:13-76
59            android:directBootAware="false"
59-->[androidx.profileinstaller:profileinstaller:1.0.4] AndroidManifest.xml:38:13-44
60            android:enabled="true"
60-->[androidx.profileinstaller:profileinstaller:1.0.4] AndroidManifest.xml:39:13-35
61            android:exported="true"
61-->[androidx.profileinstaller:profileinstaller:1.0.4] AndroidManifest.xml:40:13-36
62            android:permission="android.permission.DUMP" >
62-->[androidx.profileinstaller:profileinstaller:1.0.4] AndroidManifest.xml:41:13-57
63            <intent-filter>
63-->[androidx.profileinstaller:profileinstaller:1.0.4] AndroidManifest.xml:42:13-44:29
64                <action android:name="androidx.profileinstaller.action.INSTALL_PROFILE" />
64-->[androidx.profileinstaller:profileinstaller:1.0.4] AndroidManifest.xml:43:17-91
64-->[androidx.profileinstaller:profileinstaller:1.0.4] AndroidManifest.xml:43:25-88
65            </intent-filter>
66        </receiver>
67    </application>
68
69</manifest>